<?xml version="1.0" encoding="UTF-8"?>
<testng-results ignored="0" total="4" passed="4" failed="0" skipped="0">
  <reporter-output>
  </reporter-output>
  <suite started-at="2026-03-24T10:03:47 IST" name="Suite" finished-at="2026-03-24T10:04:11 IST" duration-ms="24827">
    <groups>
    </groups>
    <test started-at="2026-03-24T10:03:47 IST" name="ChromeTest" finished-at="2026-03-24T10:04:02 IST" duration-ms="15060">
      <class name="tests.GadgetTest">
        <test-method is-config="true" signature="setup(java.lang.String)[pri:0, instance:tests.GadgetTest@3eb738bb]" started-at="2026-03-24T10:03:47 IST" name="setup" finished-at="2026-03-24T10:03:53 IST" duration-ms="6744" status="PASS">
          <params>
            <param index="0">
              <value>
                <![CDATA[chrome]]>
              </value>
            </param>
          </params>
          <reporter-output>
          </reporter-output>
        </test-method> <!-- setup -->
        <test-method signature="searchPage(java.lang.String,java.lang.String,java.lang.String)[pri:0, instance:tests.GadgetTest@3eb738bb]" started-at="2026-03-24T10:03:54 IST" name="searchPage" data-provider="productData" finished-at="2026-03-24T10:04:00 IST" duration-ms="6138" status="PASS">
          <params>
            <param index="0">
              <value>
                <![CDATA[Bluetooth Headphones]]>
              </value>
            </param>
            <param index="1">
              <value>
                <![CDATA[700]]>
              </value>
            </param>
            <param index="2">
              <value>
                <![CDATA[1400]]>
              </value>
            </param>
          </params>
          <reporter-output>
          </reporter-output>
        </test-method> <!-- searchPage -->
        <test-method signature="filterStep(java.lang.String,java.lang.String,java.lang.String)[pri:0, instance:tests.GadgetTest@3eb738bb]" started-at="2026-03-24T10:04:00 IST" name="filterStep" data-provider="productData" finished-at="2026-03-24T10:04:02 IST" depends-on-methods="tests.GadgetTest.searchPage" duration-ms="1788" status="PASS">
          <params>
            <param index="0">
              <value>
                <![CDATA[Bluetooth Headphones]]>
              </value>
            </param>
            <param index="1">
              <value>
                <![CDATA[700]]>
              </value>
            </param>
            <param index="2">
              <value>
                <![CDATA[1400]]>
              </value>
            </param>
          </params>
          <reporter-output>
          </reporter-output>
        </test-method> <!-- filterStep -->
      </class> <!-- tests.GadgetTest -->
    </test> <!-- ChromeTest -->
    <test started-at="2026-03-24T10:04:02 IST" name="EdgeTest" finished-at="2026-03-24T10:04:11 IST" duration-ms="9741">
      <class name="tests.GadgetTest">
        <test-method is-config="true" signature="setup(java.lang.String)[pri:0, instance:tests.GadgetTest@6200f9cb]" started-at="2026-03-24T10:04:02 IST" name="setup" finished-at="2026-03-24T10:04:06 IST" duration-ms="4324" status="PASS">
          <params>
            <param index="0">
              <value>
                <![CDATA[edge]]>
              </value>
            </param>
          </params>
          <reporter-output>
          </reporter-output>
        </test-method> <!-- setup -->
        <test-method signature="searchPage(java.lang.String,java.lang.String,java.lang.String)[pri:0, instance:tests.GadgetTest@6200f9cb]" started-at="2026-03-24T10:04:06 IST" name="searchPage" data-provider="productData" finished-at="2026-03-24T10:04:09 IST" duration-ms="3325" status="PASS">
          <params>
            <param index="0">
              <value>
                <![CDATA[Bluetooth Headphones]]>
              </value>
            </param>
            <param index="1">
              <value>
                <![CDATA[700]]>
              </value>
            </param>
            <param index="2">
              <value>
                <![CDATA[1400]]>
              </value>
            </param>
          </params>
          <reporter-output>
          </reporter-output>
        </test-method> <!-- searchPage -->
        <test-method signature="filterStep(java.lang.String,java.lang.String,java.lang.String)[pri:0, instance:tests.GadgetTest@6200f9cb]" started-at="2026-03-24T10:04:09 IST" name="filterStep" data-provider="productData" finished-at="2026-03-24T10:04:11 IST" depends-on-methods="tests.GadgetTest.searchPage" duration-ms="2068" status="PASS">
          <params>
            <param index="0">
              <value>
                <![CDATA[Bluetooth Headphones]]>
              </value>
            </param>
            <param index="1">
              <value>
                <![CDATA[700]]>
              </value>
            </param>
            <param index="2">
              <value>
                <![CDATA[1400]]>
              </value>
            </param>
          </params>
          <reporter-output>
          </reporter-output>
        </test-method> <!-- filterStep -->
      </class> <!-- tests.GadgetTest -->
    </test> <!-- EdgeTest -->
  </suite> <!-- Suite -->
</testng-results>
