<?xml version="1.0" encoding="UTF-8"?>
<testng-results ignored="0" total="1" passed="1" failed="0" skipped="0">
  <reporter-output>
  </reporter-output>
  <suite started-at="2026-03-17T16:27:01 IST" name="Suite" finished-at="2026-03-17T16:27:17 IST" duration-ms="15944">
    <groups>
    </groups>
    <test started-at="2026-03-17T16:27:01 IST" name="Test" finished-at="2026-03-17T16:27:17 IST" duration-ms="15944">
      <class name="tests.GadgetTest">
        <test-method is-config="true" signature="setup()[pri:0, instance:tests.GadgetTest@5b12b668]" started-at="2026-03-17T16:27:01 IST" name="setup" finished-at="2026-03-17T16:27:06 IST" duration-ms="5682" status="PASS">
          <reporter-output>
          </reporter-output>
        </test-method> <!-- setup -->
        <test-method signature="test()[pri:0, instance:tests.GadgetTest@5b12b668]" started-at="2026-03-17T16:27:06 IST" name="test" finished-at="2026-03-17T16:27:17 IST" duration-ms="10234" status="PASS">
          <reporter-output>
          </reporter-output>
        </test-method> <!-- test -->
      </class> <!-- tests.GadgetTest -->
    </test> <!-- Test -->
  </suite> <!-- Suite -->
</testng-results>
