<?xml version="1.0" encoding="UTF-8"?>
<!-- Generated by org.testng.reporters.JUnitReportReporter -->
<testsuite hostname="LTIN690397" failures="0" tests="4" name="tests.GadgetTest" time="13.319" errors="0" timestamp="2026-03-24T10:04:12 IST" skipped="0">
  <testcase classname="tests.GadgetTest" name="searchPage" time="6.138"/>
  <testcase classname="tests.GadgetTest" name="filterStep" time="2.068"/>
  <testcase classname="tests.GadgetTest" name="searchPage" time="3.325"/>
  <testcase classname="tests.GadgetTest" name="filterStep" time="1.788"/>
</testsuite> <!-- tests.GadgetTest -->
